23:32:45 **** Incremental Build of configuration Debug for project DESeq2 ****
make all 
Building file: ../src/main.cpp
Invoking: GCC C++ Compiler
g++ -O0 -g3 -Wall -c -fmessage-length=0 -MMD -MP -MF"src/main.d" -MT"src/main.d" -o "src/main.o" "../src/main.cpp"
Finished building: ../src/main.cpp
 
Building target: DESeq2
Invoking: MacOS X C++ Linker
g++ -L/usr/lib -o "DESeq2"  ./src/main.o   
Undefined symbols for architecture x86_64:
  "_wrapper_ddot_", referenced from:
      double arma::blas::dot<double>(unsigned int, double const*, double const*) in main.o
  "_wrapper_dgemm_", referenced from:
      void arma::blas::gemm<double>(char const*, char const*, int const*, int const*, int const*, double const*, double const*, int const*, double const*, int const*, double const*, double*, int const*) in main.o
  "_wrapper_dgemv_", referenced from:
      void arma::blas::gemv<double>(char const*, int const*, int const*, double const*, double const*, int const*, double const*, int const*, double const*, double*, int const*) in main.o
  "_wrapper_dsyrk_", referenced from:
      void arma::blas::syrk<double>(char const*, char const*, int const*, int const*, double const*, double const*, int const*, double const*, double*, int const*) in main.o
ld: symbol(s) not found for architecture x86_64
clang: error: linker command failed with exit code 1 (use -v to see invocation)
make: *** [DESeq2] Error 1
